<?xml version="1.0" encoding="UTF-8"?>
<testsuite name="StrategyTest" tests="4" skipped="0" failures="0" errors="0" timestamp="2021-12-08T17:50:12" hostname="DESKTOP-L6V6LBB" time="0.019">
  <properties/>
  <testcase name="impatientStrategy()" classname="StrategyTest" time="0.015"/>
  <testcase name="smartStrategyStartClosed()" classname="StrategyTest" time="0.001"/>
  <testcase name="smartStrategyStartOpened()" classname="StrategyTest" time="0.0"/>
  <testcase name="orderStringRecipe()" classname="StrategyTest" time="0.001"/>
  <system-out><![CDATA[]]></system-out>
  <system-err><![CDATA[]]></system-err>
</testsuite>
