<?xml version="1.0" encoding="UTF-8"?>
<testsuite name="HappyHourTest" tests="1" skipped="0" failures="0" errors="0" timestamp="2021-12-06T14:08:43" hostname="lucas-zenbook-ux425ja" time="0.42">
  <properties/>
  <testcase name="removeObserver()" classname="HappyHourTest" time="0.42"/>
  <system-out><![CDATA[]]></system-out>
  <system-err><![CDATA[]]></system-err>
</testsuite>
